starting python script
2025-09-16:15:55:50,056 INFO     [__main__.py:263] Verbosity set to INFO
2025-09-16:15:56:10,220 WARNING  [__main__.py:325] File results/blimp/checkpoint-11200/blimp_results.json already exists. Results will be overwritten.
2025-09-16:15:56:10,243 INFO     [__main__.py:349] Selected Tasks: ['blimp_filtered', 'blimp_supplement']
2025-09-16:15:56:10,533 INFO     [evaluator.py:133] Setting random seed to 0 | Setting numpy seed to 1234 | Setting torch manual seed to 1234
2025-09-16:15:56:10,536 INFO     [evaluator.py:181] Initializing hf-mlm model, with arguments: {'pretrained': '../models/3428338/checkpoint-11200/', 'backend': 'mlm'}
2025-09-16:15:56:11,650 WARNING  [logging.py:61] Detected kernel version 4.18.0, which is below the recommended minimum of 5.5.0; this can cause the process to hang. It is recommended to upgrade the kernel to the minimum version or higher.
2025-09-16:15:56:11,650 INFO     [huggingface.py:196] Using device 'cuda:0'
2025-09-16:15:56:11,756 INFO     [huggingface.py:489] Overrode HF model backend type, and using type 'mlm'
Some weights of DebertaV2ForMaskedLM were not initialized from the model checkpoint at ../models/3428338/checkpoint-11200/ and are newly initialized: ['cls.predictions.decoder.bias']
You should probably TRAIN this model on a down-stream task to be able to use it for predictions and inference.
Traceback (most recent call last):
  File "<frozen runpy>", line 198, in _run_module_as_main
  File "<frozen runpy>", line 88, in _run_code
  File "/mnt/tier2/users/u103092/circuit-tracer/test/evaluation-pipeline-2024/lm_eval/__main__.py", line 431, in <module>
    cli_evaluate()
  File "/mnt/tier2/users/u103092/circuit-tracer/test/evaluation-pipeline-2024/lm_eval/__main__.py", line 356, in cli_evaluate
    results = evaluator.simple_evaluate(
              ^^^^^^^^^^^^^^^^^^^^^^^^^^
  File "/mnt/tier2/users/u103092/circuit-tracer/test/evaluation-pipeline-2024/lm_eval/utils.py", line 288, in _wrapper
    return fn(*args, **kwargs)
           ^^^^^^^^^^^^^^^^^^^
  File "/mnt/tier2/users/u103092/circuit-tracer/test/evaluation-pipeline-2024/lm_eval/evaluator.py", line 184, in simple_evaluate
    lm = lm_eval.api.registry.get_model(model).create_from_arg_string(
         ^^^^^^^^^^^^^^^^^^^^^^^^^^^^^^^^^^^^^^^^^^^^^^^^^^^^^^^^^^^^^
  File "/mnt/tier2/users/u103092/circuit-tracer/test/evaluation-pipeline-2024/lm_eval/api/model.py", line 134, in create_from_arg_string
    return cls(**args, **args2)
           ^^^^^^^^^^^^^^^^^^^^
  File "/mnt/tier2/users/u103092/circuit-tracer/test/evaluation-pipeline-2024/lm_eval/models/huggingface.py", line 269, in __init__
    self._create_tokenizer(
  File "/mnt/tier2/users/u103092/circuit-tracer/test/evaluation-pipeline-2024/lm_eval/models/huggingface.py", line 714, in _create_tokenizer
    self.tokenizer = transformers.AutoTokenizer.from_pretrained(
                     ^^^^^^^^^^^^^^^^^^^^^^^^^^^^^^^^^^^^^^^^^^^
  File "/project/home/p200918/circuit-tracer-env-2/lib/python3.11/site-packages/transformers/models/auto/tokenization_auto.py", line 837, in from_pretrained
    return tokenizer_class.from_pretrained(pretrained_model_name_or_path, *inputs, **kwargs)
           ^^^^^^^^^^^^^^^^^^^^^^^^^^^^^^^^^^^^^^^^^^^^^^^^^^^^^^^^^^^^^^^^^^^^^^^^^^^^^^^^^
  File "/project/home/p200918/circuit-tracer-env-2/lib/python3.11/site-packages/transformers/tokenization_utils_base.py", line 2086, in from_pretrained
    return cls._from_pretrained(
           ^^^^^^^^^^^^^^^^^^^^^
  File "/project/home/p200918/circuit-tracer-env-2/lib/python3.11/site-packages/transformers/tokenization_utils_base.py", line 2325, in _from_pretrained
    tokenizer = cls(*init_inputs, **init_kwargs)
                ^^^^^^^^^^^^^^^^^^^^^^^^^^^^^^^^
  File "/project/home/p200918/circuit-tracer-env-2/lib/python3.11/site-packages/transformers/models/deberta_v2/tokenization_deberta_v2_fast.py", line 133, in __init__
    super().__init__(
  File "/project/home/p200918/circuit-tracer-env-2/lib/python3.11/site-packages/transformers/tokenization_utils_fast.py", line 120, in __init__
    raise ValueError(
ValueError: Couldn't instantiate the backend tokenizer from one of: 
(1) a `tokenizers` library serialization file, 
(2) a slow tokenizer instance to convert or 
(3) an equivalent slow tokenizer class to instantiate and convert. 
You need to have sentencepiece installed to convert a slow tokenizer to a fast one.
pretrained=../models/3428338/checkpoint-11200/,backend=mlm
