starting python script
2025-09-16:14:11:13,858 INFO     [__main__.py:263] Verbosity set to INFO
2025-09-16:14:11:33,675 WARNING  [__main__.py:325] File results/blimp/checkpoint-11200/blimp_results.json already exists. Results will be overwritten.
2025-09-16:14:11:33,690 INFO     [__main__.py:349] Selected Tasks: ['blimp_filtered', 'blimp_supplement']

A module that was compiled using NumPy 1.x cannot be run in
NumPy 2.3.3 as it may crash. To support both 1.x and 2.x
versions of NumPy, modules must be compiled with NumPy 2.0.
Some module may need to rebuild instead e.g. with 'pybind11>=2.12'.

If you are a user of the module, the easiest solution will be to
downgrade to 'numpy<2' or try to upgrade the affected module.
We expect that some modules will need time to support NumPy 2.

Traceback (most recent call last):  File "<frozen runpy>", line 198, in _run_module_as_main
  File "<frozen runpy>", line 88, in _run_code
  File "/mnt/tier2/users/u103092/circuit-tracer/test/evaluation-pipeline-2024/lm_eval/__main__.py", line 431, in <module>
    cli_evaluate()
  File "/mnt/tier2/users/u103092/circuit-tracer/test/evaluation-pipeline-2024/lm_eval/__main__.py", line 356, in cli_evaluate
    results = evaluator.simple_evaluate(
  File "/mnt/tier2/users/u103092/circuit-tracer/test/evaluation-pipeline-2024/lm_eval/utils.py", line 288, in _wrapper
    return fn(*args, **kwargs)
  File "/mnt/tier2/users/u103092/circuit-tracer/test/evaluation-pipeline-2024/lm_eval/evaluator.py", line 130, in simple_evaluate
    torch.manual_seed(torch_random_seed)
  File "/project/home/p200918/circuit-tracer-env-2/lib/python3.11/site-packages/torch/random.py", line 46, in manual_seed
    return default_generator.manual_seed(seed)
/project/home/p200918/circuit-tracer-env-2/lib/python3.11/site-packages/torch/random.py:46: UserWarning: Failed to initialize NumPy: _ARRAY_API not found (Triggered internally at ../torch/csrc/utils/tensor_numpy.cpp:84.)
  return default_generator.manual_seed(seed)
2025-09-16:14:11:33,950 INFO     [evaluator.py:133] Setting random seed to 0 | Setting numpy seed to 1234 | Setting torch manual seed to 1234
2025-09-16:14:11:33,952 INFO     [evaluator.py:181] Initializing hf-mlm model, with arguments: {'pretrained': '../models/3428338/checkpoint-11200/', 'backend': 'mlm'}
2025-09-16:14:11:35,220 INFO     [huggingface.py:196] Using device 'cuda:0'
2025-09-16:14:11:35,316 INFO     [huggingface.py:489] Overrode HF model backend type, and using type 'mlm'
Traceback (most recent call last):
  File "<frozen runpy>", line 198, in _run_module_as_main
  File "<frozen runpy>", line 88, in _run_code
  File "/mnt/tier2/users/u103092/circuit-tracer/test/evaluation-pipeline-2024/lm_eval/__main__.py", line 431, in <module>
    cli_evaluate()
  File "/mnt/tier2/users/u103092/circuit-tracer/test/evaluation-pipeline-2024/lm_eval/__main__.py", line 356, in cli_evaluate
    results = evaluator.simple_evaluate(
              ^^^^^^^^^^^^^^^^^^^^^^^^^^
  File "/mnt/tier2/users/u103092/circuit-tracer/test/evaluation-pipeline-2024/lm_eval/utils.py", line 288, in _wrapper
    return fn(*args, **kwargs)
           ^^^^^^^^^^^^^^^^^^^
  File "/mnt/tier2/users/u103092/circuit-tracer/test/evaluation-pipeline-2024/lm_eval/evaluator.py", line 184, in simple_evaluate
    lm = lm_eval.api.registry.get_model(model).create_from_arg_string(
         ^^^^^^^^^^^^^^^^^^^^^^^^^^^^^^^^^^^^^^^^^^^^^^^^^^^^^^^^^^^^^
  File "/mnt/tier2/users/u103092/circuit-tracer/test/evaluation-pipeline-2024/lm_eval/api/model.py", line 134, in create_from_arg_string
    return cls(**args, **args2)
           ^^^^^^^^^^^^^^^^^^^^
  File "/mnt/tier2/users/u103092/circuit-tracer/test/evaluation-pipeline-2024/lm_eval/models/huggingface.py", line 235, in __init__
    self._create_model(
  File "/mnt/tier2/users/u103092/circuit-tracer/test/evaluation-pipeline-2024/lm_eval/models/huggingface.py", line 609, in _create_model
    self._model = self.AUTO_MODEL_CLASS.from_pretrained(
                  ^^^^^^^^^^^^^^^^^^^^^^^^^^^^^^^^^^^^^^
  File "/project/home/p200918/circuit-tracer-env-2/lib/python3.11/site-packages/transformers/models/auto/auto_factory.py", line 471, in from_pretrained
    return model_class.from_pretrained(
           ^^^^^^^^^^^^^^^^^^^^^^^^^^^^
  File "/project/home/p200918/circuit-tracer-env-2/lib/python3.11/site-packages/transformers/modeling_utils.py", line 2697, in from_pretrained
    dispatch_model(model, device_map=device_map, offload_dir=offload_folder, offload_index=offload_index)
  File "/project/home/p200918/circuit-tracer-env-2/lib/python3.11/site-packages/accelerate/big_modeling.py", line 373, in dispatch_model
    attach_align_device_hook_on_blocks(
  File "/project/home/p200918/circuit-tracer-env-2/lib/python3.11/site-packages/accelerate/hooks.py", line 497, in attach_align_device_hook_on_blocks
    add_hook_to_module(module, hook)
  File "/project/home/p200918/circuit-tracer-env-2/lib/python3.11/site-packages/accelerate/hooks.py", line 155, in add_hook_to_module
    module = hook.init_hook(module)
             ^^^^^^^^^^^^^^^^^^^^^^
  File "/project/home/p200918/circuit-tracer-env-2/lib/python3.11/site-packages/accelerate/hooks.py", line 253, in init_hook
    set_module_tensor_to_device(module, name, self.execution_device)
  File "/project/home/p200918/circuit-tracer-env-2/lib/python3.11/site-packages/accelerate/utils/modeling.py", line 154, in set_module_tensor_to_device
    raise ValueError(f"{tensor_name} is on the meta device, we need a `value` to put in on {device}.")
ValueError: bias is on the meta device, we need a `value` to put in on cuda:0.
pretrained=../models/3428338/checkpoint-11200/,backend=mlm
