starting python script
Traceback (most recent call last):
  File "<frozen runpy>", line 189, in _run_module_as_main
  File "<frozen runpy>", line 148, in _get_module_details
  File "<frozen runpy>", line 112, in _get_module_details
  File "/mnt/tier2/users/u103092/circuit-tracer/test/evaluation-pipeline-2024/lm_eval/__init__.py", line 1, in <module>
    from .evaluator import evaluate, simple_evaluate
  File "/mnt/tier2/users/u103092/circuit-tracer/test/evaluation-pipeline-2024/lm_eval/evaluator.py", line 13, in <module>
    import lm_eval.models
  File "/mnt/tier2/users/u103092/circuit-tracer/test/evaluation-pipeline-2024/lm_eval/models/__init__.py", line 1, in <module>
    from . import (
  File "/mnt/tier2/users/u103092/circuit-tracer/test/evaluation-pipeline-2024/lm_eval/models/huggingface.py", line 19, in <module>
    from peft import PeftModel
  File "/home/users/u103092/circuit-tracer/local-circuit-tracer/cluster/conda_base_path/miniconda3/envs/circuit-tracer-env/lib/python3.11/site-packages/peft/__init__.py", line 17, in <module>
    from .auto import (
  File "/home/users/u103092/circuit-tracer/local-circuit-tracer/cluster/conda_base_path/miniconda3/envs/circuit-tracer-env/lib/python3.11/site-packages/peft/auto.py", line 32, in <module>
    from .peft_model import (
  File "/home/users/u103092/circuit-tracer/local-circuit-tracer/cluster/conda_base_path/miniconda3/envs/circuit-tracer-env/lib/python3.11/site-packages/peft/peft_model.py", line 37, in <module>
    from transformers import Cache, DynamicCache, EncoderDecoderCache, HybridCache, PreTrainedModel
ImportError: cannot import name 'Cache' from 'transformers' (/home/users/u103092/circuit-tracer/local-circuit-tracer/cluster/conda_base_path/miniconda3/envs/circuit-tracer-env/lib/python3.11/site-packages/transformers/__init__.py)
