starting python script
Downloading builder script: 0.00B [00:00, ?B/s]Downloading builder script: 5.67kB [00:00, 528kB/s]
2025-09-09:15:51:49,298 INFO     [__main__.py:263] Verbosity set to INFO
2025-09-09:15:52:07,087 INFO     [__main__.py:349] Selected Tasks: ['blimp_filtered', 'blimp_supplement']
2025-09-09:15:52:07,312 INFO     [evaluator.py:133] Setting random seed to 0 | Setting numpy seed to 1234 | Setting torch manual seed to 1234
2025-09-09:15:52:07,315 INFO     [evaluator.py:181] Initializing hf model, with arguments: {'pretrained': './models/3428338/checkpoint-11200/config.json', 'backend': 'causal'}
2025-09-09:15:52:08,539 WARNING  [other.py:512] Detected kernel version 4.18.0, which is below the recommended minimum of 5.5.0; this can cause the process to hang. It is recommended to upgrade the kernel to the minimum version or higher.
2025-09-09:15:52:08,540 INFO     [huggingface.py:196] Using device 'cuda:0'
2025-09-09:15:52:08,614 INFO     [huggingface.py:489] Overrode HF model backend type, and using type 'causal'
Traceback (most recent call last):
  File "/home/users/u103092/circuit-tracer/local-circuit-tracer/cluster/conda_base_path/miniconda3/envs/circuit-tracer-env/lib/python3.11/site-packages/transformers/utils/hub.py", line 476, in cached_files
    hf_hub_download(
  File "/home/users/u103092/circuit-tracer/local-circuit-tracer/cluster/conda_base_path/miniconda3/envs/circuit-tracer-env/lib/python3.11/site-packages/huggingface_hub/utils/_validators.py", line 106, in _inner_fn
    validate_repo_id(arg_value)
  File "/home/users/u103092/circuit-tracer/local-circuit-tracer/cluster/conda_base_path/miniconda3/envs/circuit-tracer-env/lib/python3.11/site-packages/huggingface_hub/utils/_validators.py", line 154, in validate_repo_id
    raise HFValidationError(
huggingface_hub.errors.HFValidationError: Repo id must be in the form 'repo_name' or 'namespace/repo_name': './models/3428338/checkpoint-11200/config.json'. Use `repo_type` argument if needed.

During handling of the above exception, another exception occurred:

Traceback (most recent call last):
  File "<frozen runpy>", line 198, in _run_module_as_main
  File "<frozen runpy>", line 88, in _run_code
  File "/mnt/tier2/users/u103092/circuit-tracer/test/evaluation-pipeline-2024/lm_eval/__main__.py", line 431, in <module>
    cli_evaluate()
  File "/mnt/tier2/users/u103092/circuit-tracer/test/evaluation-pipeline-2024/lm_eval/__main__.py", line 356, in cli_evaluate
    results = evaluator.simple_evaluate(
              ^^^^^^^^^^^^^^^^^^^^^^^^^^
  File "/mnt/tier2/users/u103092/circuit-tracer/test/evaluation-pipeline-2024/lm_eval/utils.py", line 288, in _wrapper
    return fn(*args, **kwargs)
           ^^^^^^^^^^^^^^^^^^^
  File "/mnt/tier2/users/u103092/circuit-tracer/test/evaluation-pipeline-2024/lm_eval/evaluator.py", line 184, in simple_evaluate
    lm = lm_eval.api.registry.get_model(model).create_from_arg_string(
         ^^^^^^^^^^^^^^^^^^^^^^^^^^^^^^^^^^^^^^^^^^^^^^^^^^^^^^^^^^^^^
  File "/mnt/tier2/users/u103092/circuit-tracer/test/evaluation-pipeline-2024/lm_eval/api/model.py", line 134, in create_from_arg_string
    return cls(**args, **args2)
           ^^^^^^^^^^^^^^^^^^^^
  File "/mnt/tier2/users/u103092/circuit-tracer/test/evaluation-pipeline-2024/lm_eval/models/huggingface.py", line 235, in __init__
    self._create_model(
  File "/mnt/tier2/users/u103092/circuit-tracer/test/evaluation-pipeline-2024/lm_eval/models/huggingface.py", line 609, in _create_model
    self._model = self.AUTO_MODEL_CLASS.from_pretrained(
                  ^^^^^^^^^^^^^^^^^^^^^^^^^^^^^^^^^^^^^^
  File "/home/users/u103092/circuit-tracer/local-circuit-tracer/cluster/conda_base_path/miniconda3/envs/circuit-tracer-env/lib/python3.11/site-packages/transformers/models/auto/auto_factory.py", line 508, in from_pretrained
    resolved_config_file = cached_file(
                           ^^^^^^^^^^^^
  File "/home/users/u103092/circuit-tracer/local-circuit-tracer/cluster/conda_base_path/miniconda3/envs/circuit-tracer-env/lib/python3.11/site-packages/transformers/utils/hub.py", line 318, in cached_file
    file = cached_files(path_or_repo_id=path_or_repo_id, filenames=[filename], **kwargs)
           ^^^^^^^^^^^^^^^^^^^^^^^^^^^^^^^^^^^^^^^^^^^^^^^^^^^^^^^^^^^^^^^^^^^^^^^^^^^^^
  File "/home/users/u103092/circuit-tracer/local-circuit-tracer/cluster/conda_base_path/miniconda3/envs/circuit-tracer-env/lib/python3.11/site-packages/transformers/utils/hub.py", line 528, in cached_files
    resolved_files = [
                     ^
  File "/home/users/u103092/circuit-tracer/local-circuit-tracer/cluster/conda_base_path/miniconda3/envs/circuit-tracer-env/lib/python3.11/site-packages/transformers/utils/hub.py", line 529, in <listcomp>
    _get_cache_file_to_return(path_or_repo_id, filename, cache_dir, revision, repo_type)
  File "/home/users/u103092/circuit-tracer/local-circuit-tracer/cluster/conda_base_path/miniconda3/envs/circuit-tracer-env/lib/python3.11/site-packages/transformers/utils/hub.py", line 144, in _get_cache_file_to_return
    resolved_file = try_to_load_from_cache(
                    ^^^^^^^^^^^^^^^^^^^^^^^
  File "/home/users/u103092/circuit-tracer/local-circuit-tracer/cluster/conda_base_path/miniconda3/envs/circuit-tracer-env/lib/python3.11/site-packages/huggingface_hub/utils/_validators.py", line 106, in _inner_fn
    validate_repo_id(arg_value)
  File "/home/users/u103092/circuit-tracer/local-circuit-tracer/cluster/conda_base_path/miniconda3/envs/circuit-tracer-env/lib/python3.11/site-packages/huggingface_hub/utils/_validators.py", line 154, in validate_repo_id
    raise HFValidationError(
huggingface_hub.errors.HFValidationError: Repo id must be in the form 'repo_name' or 'namespace/repo_name': './models/3428338/checkpoint-11200/config.json'. Use `repo_type` argument if needed.
pretrained=./models/3428338/checkpoint-11200/config.json,backend=causal
